<?xml version="1.0" encoding="UTF-8"?>
<!-- Generated by org.testng.reporters.JUnitReportReporter -->
<testsuite hostname="DESKTOP-D18P8VO" failures="0" tests="1" name="com.shopping.qa.testcases.ShoppingRangePageTest" time="26.804" errors="0" timestamp="4 Apr 2021 19:31:23 GMT">
  <testcase classname="com.shopping.qa.testcases.ShoppingRangePageTest" name="verify_label" time="26.804"/>
</testsuite> <!-- com.shopping.qa.testcases.ShoppingRangePageTest -->
