<?xml version="1.0" encoding="UTF-8"?>
<!-- Generated by org.testng.reporters.JUnitReportReporter -->
<testsuite hostname="DESKTOP-D18P8VO" failures="0" tests="3" name="com.shopping.qa.testcases.HomePageTest" time="54.330" errors="0" timestamp="4 Apr 2021 19:31:23 GMT">
  <testcase classname="com.shopping.qa.testcases.HomePageTest" name="verifyHomePageTitleTest" time="16.589"/>
  <testcase classname="com.shopping.qa.testcases.HomePageTest" name="verifyCustomerName" time="16.850"/>
  <testcase classname="com.shopping.qa.testcases.HomePageTest" name="clickonShoppingrangePage" time="20.891"/>
</testsuite> <!-- com.shopping.qa.testcases.HomePageTest -->
