<?xml version="1.0" encoding="UTF-8"?>
<!-- Generated by org.testng.reporters.JUnitReportReporter -->
<testsuite hostname="DESKTOP-D18P8VO" failures="0" tests="3" name="com.shopping.qa.testcases.LoginPageTest" time="44.021" errors="0" timestamp="12 Apr 2021 10:20:15 GMT">
  <testcase classname="com.shopping.qa.testcases.LoginPageTest" name="verifylogintest" time="18.411"/>
  <testcase classname="com.shopping.qa.testcases.LoginPageTest" name="verifylogotest" time="12.547"/>
  <testcase classname="com.shopping.qa.testcases.LoginPageTest" name="verifyloginpagetitleTest" time="13.063"/>
</testsuite> <!-- com.shopping.qa.testcases.LoginPageTest -->
