<?xml version="1.0" encoding="UTF-8"?>
<!-- Generated by org.testng.reporters.JUnitReportReporter -->
<testsuite hostname="DESKTOP-D18P8VO" failures="0" tests="4" name="com.shopping.qa.testcases.AddNewUserTest" time="125.885" errors="0" timestamp="4 Apr 2021 15:14:44 GMT">
  <testcase classname="com.shopping.qa.testcases.AddNewUserTest" name="inputdatatable" time="38.137"/>
  <testcase classname="com.shopping.qa.testcases.AddNewUserTest" name="inputdatatable" time="27.685"/>
  <testcase classname="com.shopping.qa.testcases.AddNewUserTest" name="inputdatatable" time="32.709"/>
  <testcase classname="com.shopping.qa.testcases.AddNewUserTest" name="inputdatatable" time="27.354"/>
</testsuite> <!-- com.shopping.qa.testcases.AddNewUserTest -->
