<?xml version="1.0" encoding="UTF-8"?>
<!-- Generated by org.testng.reporters.JUnitReportReporter -->
<testsuite hostname="DESKTOP-D18P8VO" failures="0" tests="3" name="parallel.ParallelRun" time="56.657" errors="0" timestamp="13 Apr 2021 18:23:50 GMT" skipped="1">
  <testcase classname="parallel.ParallelRun" name="runScenario" time="20.923"/>
  <testcase classname="parallel.ParallelRun" name="runScenario" time="11.894">
    <skipped/>
  </testcase> <!-- runScenario -->
  <testcase classname="parallel.ParallelRun" name="runScenario" time="23.840"/>
</testsuite> <!-- parallel.ParallelRun -->
